d:\c++编程\visual studio\c++大作业\小游戏及其管理系统\小游戏及其管理系统\debug\vc140.pdb
d:\c++编程\visual studio\c++大作业\小游戏及其管理系统\小游戏及其管理系统\debug\loginform.obj
d:\c++编程\visual studio\c++大作业\小游戏及其管理系统\小游戏及其管理系统\debug\childplayerform.obj
d:\c++编程\visual studio\c++大作业\小游戏及其管理系统\小游戏及其管理系统\debug\adplayerform.obj
d:\c++编程\visual studio\c++大作业\小游戏及其管理系统\小游戏及其管理系统\debug\.netframework,version=v4.5.2.assemblyattributes.obj
d:\c++编程\visual studio\c++大作业\小游戏及其管理系统\小游戏及其管理系统\debug\.netframework,version=v4.5.2.assemblyattributes.asm
d:\c++编程\visual studio\c++大作业\小游戏及其管理系统\小游戏及其管理系统\debug\addchild.obj
d:\c++编程\visual studio\c++大作业\小游戏及其管理系统\小游戏及其管理系统\debug\addadplayer.obj
d:\c++编程\visual studio\c++大作业\小游戏及其管理系统\小游戏及其管理系统\debug\deleteplayer.obj
d:\c++编程\visual studio\c++大作业\小游戏及其管理系统\小游戏及其管理系统\debug\accmanager.obj
d:\c++编程\visual studio\c++大作业\小游戏及其管理系统\小游戏及其管理系统\debug\pushbox.obj
d:\c++编程\visual studio\c++大作业\小游戏及其管理系统\小游戏及其管理系统\debug\outputrands.obj
d:\c++编程\visual studio\c++大作业\小游戏及其管理系统\debug\小游戏及其管理系统.exe
d:\c++编程\visual studio\c++大作业\小游戏及其管理系统\debug\小游戏及其管理系统.pdb
d:\c++编程\visual studio\c++大作业\小游戏及其管理系统\小游戏及其管理系统\debug\小游戏及其管理系统.adplayerform.resources
d:\c++编程\visual studio\c++大作业\小游戏及其管理系统\小游戏及其管理系统\debug\小游戏及其管理系统.childplayerform.resources
d:\c++编程\visual studio\c++大作业\小游戏及其管理系统\小游戏及其管理系统\debug\小游戏及其管理系统.loginform.resources
d:\c++编程\visual studio\c++大作业\小游戏及其管理系统\小游戏及其管理系统\debug\小游戏及其管理系统.addchild.resources
d:\c++编程\visual studio\c++大作业\小游戏及其管理系统\小游戏及其管理系统\debug\小游戏及其管理系统.addadplayer.resources
d:\c++编程\visual studio\c++大作业\小游戏及其管理系统\小游戏及其管理系统\debug\小游戏及其管理系统.accmanager.resources
d:\c++编程\visual studio\c++大作业\小游戏及其管理系统\小游戏及其管理系统\debug\小游戏及其管理系统.deleteplayer.resources
d:\c++编程\visual studio\c++大作业\小游戏及其管理系统\小游戏及其管理系统\debug\小游戏及其管理系统.vcxproj.generateresource.cache
d:\c++编程\visual studio\c++大作业\小游戏及其管理系统\小游戏及其管理系统\debug\小游戏及其管理系统.vcxprojresolveassemblyreference.cache
d:\c++编程\visual studio\c++大作业\小游戏及其管理系统\小游戏及其管理系统\debug\小游戏及其管理系统.tlog\cl.command.1.tlog
d:\c++编程\visual studio\c++大作业\小游戏及其管理系统\小游戏及其管理系统\debug\小游戏及其管理系统.tlog\cl.read.1.tlog
d:\c++编程\visual studio\c++大作业\小游戏及其管理系统\小游戏及其管理系统\debug\小游戏及其管理系统.tlog\cl.write.1.tlog
d:\c++编程\visual studio\c++大作业\小游戏及其管理系统\小游戏及其管理系统\debug\小游戏及其管理系统.tlog\link.command.1.tlog
d:\c++编程\visual studio\c++大作业\小游戏及其管理系统\小游戏及其管理系统\debug\小游戏及其管理系统.tlog\link.read.1.tlog
d:\c++编程\visual studio\c++大作业\小游戏及其管理系统\小游戏及其管理系统\debug\小游戏及其管理系统.tlog\link.write.1.tlog
d:\c++编程\visual studio\c++大作业\小游戏及其管理系统\小游戏及其管理系统\debug\小游戏及其管理系统.tlog\metagen.read.1.tlog
d:\c++编程\visual studio\c++大作业\小游戏及其管理系统\小游戏及其管理系统\debug\小游戏及其管理系统.tlog\metagen.write.1.tlog
d:\c++编程\visual studio\c++大作业\小游戏及其管理系统\小游戏及其管理系统\debug\小游戏及其管理系统.tlog\小游戏及其管理系统.write.1u.tlog
d:\c++编程\visual studio\c++大作业\小游戏及其管理系统\小游戏及其管理系统\debug\小游戏及其管理系统.tlog\tzres.dll.bi
