d:\a编程学习\visual studio\大一c++\c++大作业\小游戏及其管理系统\小游戏及其管理系统\debug\vc140.pdb
d:\a编程学习\visual studio\大一c++\c++大作业\小游戏及其管理系统\小游戏及其管理系统\debug\randsui.obj
d:\a编程学习\visual studio\大一c++\c++大作业\小游戏及其管理系统\小游戏及其管理系统\debug\pushboxui.obj
d:\a编程学习\visual studio\大一c++\c++大作业\小游戏及其管理系统\小游戏及其管理系统\debug\pushbox.obj
d:\a编程学习\visual studio\大一c++\c++大作业\小游戏及其管理系统\小游戏及其管理系统\debug\outputrands.obj
d:\a编程学习\visual studio\大一c++\c++大作业\小游戏及其管理系统\小游戏及其管理系统\debug\loginform.obj
d:\a编程学习\visual studio\大一c++\c++大作业\小游戏及其管理系统\小游戏及其管理系统\debug\g2048.obj
d:\a编程学习\visual studio\大一c++\c++大作业\小游戏及其管理系统\小游戏及其管理系统\debug\deleteplayer.obj
d:\a编程学习\visual studio\大一c++\c++大作业\小游戏及其管理系统\小游戏及其管理系统\debug\cube.obj
d:\a编程学习\visual studio\大一c++\c++大作业\小游戏及其管理系统\小游戏及其管理系统\debug\cmrandsui.obj
d:\a编程学习\visual studio\大一c++\c++大作业\小游戏及其管理系统\小游戏及其管理系统\debug\cleanmines.obj
d:\a编程学习\visual studio\大一c++\c++大作业\小游戏及其管理系统\小游戏及其管理系统\debug\childplayerform.obj
d:\a编程学习\visual studio\大一c++\c++大作业\小游戏及其管理系统\小游戏及其管理系统\debug\adplayerform.obj
d:\a编程学习\visual studio\大一c++\c++大作业\小游戏及其管理系统\小游戏及其管理系统\debug\addchild.obj
d:\a编程学习\visual studio\大一c++\c++大作业\小游戏及其管理系统\小游戏及其管理系统\debug\addadplayer.obj
d:\a编程学习\visual studio\大一c++\c++大作业\小游戏及其管理系统\小游戏及其管理系统\debug\accmanager.obj
d:\a编程学习\visual studio\大一c++\c++大作业\小游戏及其管理系统\小游戏及其管理系统\debug\2048_alg.obj
d:\a编程学习\visual studio\大一c++\c++大作业\小游戏及其管理系统\小游戏及其管理系统\debug\.netframework,version=v4.5.2.assemblyattributes.obj
d:\a编程学习\visual studio\大一c++\c++大作业\小游戏及其管理系统\小游戏及其管理系统\debug\.netframework,version=v4.5.2.assemblyattributes.asm
d:\a编程学习\visual studio\大一c++\c++大作业\小游戏及其管理系统\小游戏及其管理系统\debug\小游戏及其管理系统.accmanager.resources
d:\a编程学习\visual studio\大一c++\c++大作业\小游戏及其管理系统\小游戏及其管理系统\debug\小游戏及其管理系统.addadplayer.resources
d:\a编程学习\visual studio\大一c++\c++大作业\小游戏及其管理系统\小游戏及其管理系统\debug\小游戏及其管理系统.addchild.resources
d:\a编程学习\visual studio\大一c++\c++大作业\小游戏及其管理系统\小游戏及其管理系统\debug\小游戏及其管理系统.adplayerform.resources
d:\a编程学习\visual studio\大一c++\c++大作业\小游戏及其管理系统\小游戏及其管理系统\debug\小游戏及其管理系统.childplayerform.resources
d:\a编程学习\visual studio\大一c++\c++大作业\小游戏及其管理系统\小游戏及其管理系统\debug\小游戏及其管理系统.cmrandsui.resources
d:\a编程学习\visual studio\大一c++\c++大作业\小游戏及其管理系统\小游戏及其管理系统\debug\小游戏及其管理系统.cube.resources
d:\a编程学习\visual studio\大一c++\c++大作业\小游戏及其管理系统\小游戏及其管理系统\debug\小游戏及其管理系统.deleteplayer.resources
d:\a编程学习\visual studio\大一c++\c++大作业\小游戏及其管理系统\小游戏及其管理系统\debug\小游戏及其管理系统.g2048.resources
d:\a编程学习\visual studio\大一c++\c++大作业\小游戏及其管理系统\小游戏及其管理系统\debug\小游戏及其管理系统.loginform.resources
d:\a编程学习\visual studio\大一c++\c++大作业\小游戏及其管理系统\小游戏及其管理系统\debug\小游戏及其管理系统.pushboxui.resources
d:\a编程学习\visual studio\大一c++\c++大作业\小游戏及其管理系统\小游戏及其管理系统\debug\小游戏及其管理系统.randsui.resources
d:\a编程学习\visual studio\大一c++\c++大作业\小游戏及其管理系统\小游戏及其管理系统\debug\小游戏及其管理系统.vcxproj.generateresource.cache
d:\a编程学习\visual studio\大一c++\c++大作业\小游戏及其管理系统\小游戏及其管理系统\debug\小游戏及其管理系统.vcxprojresolveassemblyreference.cache
d:\a编程学习\visual studio\大一c++\c++大作业\小游戏及其管理系统\debug\小游戏及其管理系统.pdb
d:\a编程学习\visual studio\大一c++\c++大作业\小游戏及其管理系统\debug\小游戏及其管理系统.exe
d:\a编程学习\visual studio\大一c++\c++大作业\小游戏及其管理系统\小游戏及其管理系统\debug\小游戏及其管理系统.tlog\cl.command.1.tlog
d:\a编程学习\visual studio\大一c++\c++大作业\小游戏及其管理系统\小游戏及其管理系统\debug\小游戏及其管理系统.tlog\cl.read.1.tlog
d:\a编程学习\visual studio\大一c++\c++大作业\小游戏及其管理系统\小游戏及其管理系统\debug\小游戏及其管理系统.tlog\cl.write.1.tlog
d:\a编程学习\visual studio\大一c++\c++大作业\小游戏及其管理系统\小游戏及其管理系统\debug\小游戏及其管理系统.tlog\link.command.1.tlog
d:\a编程学习\visual studio\大一c++\c++大作业\小游戏及其管理系统\小游戏及其管理系统\debug\小游戏及其管理系统.tlog\link.read.1.tlog
d:\a编程学习\visual studio\大一c++\c++大作业\小游戏及其管理系统\小游戏及其管理系统\debug\小游戏及其管理系统.tlog\link.write.1.tlog
d:\a编程学习\visual studio\大一c++\c++大作业\小游戏及其管理系统\小游戏及其管理系统\debug\小游戏及其管理系统.tlog\metagen.read.1.tlog
d:\a编程学习\visual studio\大一c++\c++大作业\小游戏及其管理系统\小游戏及其管理系统\debug\小游戏及其管理系统.tlog\metagen.write.1.tlog
d:\a编程学习\visual studio\大一c++\c++大作业\小游戏及其管理系统\小游戏及其管理系统\debug\小游戏及其管理系统.tlog\小游戏及其管理系统.write.1u.tlog
d:\a编程学习\visual studio\大一c++\c++大作业\小游戏及其管理系统\小游戏及其管理系统\debug\小游戏及其管理系统.tlog\tzres.dll.bi
